[32m✔[0m [33mConsole Ninja[0m extension is connected to [33mVite[0m, see [36mhttps://tinyurl.com/2vt8jxzw[0m
[2m5:19:36 pm[22m [36m[1m[vite][22m[39m [90m[2m(client)[22m[39m Forced re-optimization of dependencies

  [32m[1mVITE[22m v6.4.3[39m  [2mready in [0m[1m7201[22m[2m[0m ms[22m

  [32m➜[39m  [1mLocal[22m:   [36mhttp://localhost:[1m5173[22m/[39m
  [32m➜[39m  [1mNetwork[22m: [36mhttp://192.168.174.1:[1m5173[22m/[39m
  [32m➜[39m  [1mNetwork[22m: [36mhttp://192.168.232.1:[1m5173[22m/[39m
  [32m➜[39m  [1mNetwork[22m: [36mhttp://10.71.161.75:[1m5173[22m/[39m
[2m5:19:47 pm[22m [36m[1m[vite][22m[39m [90m[2m(client)[22m[39m [32mpage reload [39m[2msrc/components/Hero.jsx[22m
[2m5:20:15 pm[22m [36m[1m[vite][22m[39m [90m[2m(client)[22m[39m [32mpage reload [39m[2msrc/components/Navbar.jsx[22m
[2m5:20:34 pm[22m [36m[1m[vite][22m[39m [90m[2m(client)[22m[39m [32mpage reload [39m[2msrc/components/Projects.jsx[22m
[2m5:20:43 pm[22m [36m[1m[vite][22m[39m [90m[2m(client)[22m[39m [32mpage reload [39m[2msrc/components/SectionHeader.jsx[22m
[2m5:21:03 pm[22m [36m[1m[vite][22m[39m [90m[2m(client)[22m[39m [32mpage reload [39m[2msrc/components/Skills.jsx[22m
[2m5:28:51 pm[22m [36m[1m[vite][22m[39m [90m[2m(client)[22m[39m [32mpage reload [39m[2msrc/components/Contact.jsx[22m
[2m5:28:52 pm[22m [36m[1m[vite][22m[39m [90m[2m(client)[22m[39m [32mpage reload [39m[2msrc/components/Contact.jsx[22m
[2m5:31:34 pm[22m [36m[1m[vite][22m[39m [90m[2m(client)[22m[39m [32mpage reload [39m[2msrc/components/Contact.jsx[22m
[2m5:31:34 pm[22m [36m[1m[vite][22m[39m [90m[2m(client)[22m[39m [32mpage reload [39m[2msrc/components/Contact.jsx[22m
[2m5:31:43 pm[22m [36m[1m[vite][22m[39m [90m[2m(client)[22m[39m [32mpage reload [39m[2msrc/components/Contact.jsx[22m
[2m5:31:46 pm[22m [36m[1m[vite][22m[39m [90m[2m(client)[22m[39m [32mpage reload [39m[2msrc/components/Contact.jsx[22m
[2m5:32:40 pm[22m [36m[1m[vite][22m[39m [90m[2m(client)[22m[39m [32mpage reload [39m[2msrc/App.jsx[22m
[2m5:32:48 pm[22m [36m[1m[vite][22m[39m [90m[2m(client)[22m[39m [32mpage reload [39m[2msrc/components/Hero.jsx[22m
[2m5:33:52 pm[22m [36m[1m[vite][22m[39m [90m[2m(client)[22m[39m [32mpage reload [39m[2mindex.html[22m
[2m5:34:14 pm[22m [36m[1m[vite][22m[39m [90m[2m(client)[22m[39m [32mhmr update [39m[2m/src/index.css[22m
[2m5:35:46 pm[22m [36m[1m[vite][22m[39m [90m[2m(client)[22m[39m [32mpage reload [39m[2msrc/components/Navbar.jsx[22m
[2m5:35:48 pm[22m [36m[1m[vite][22m[39m [90m[2m(client)[22m[39m [32mpage reload [39m[2msrc/components/Navbar.jsx[22m
